95
0 43 3 38 9 32 1 30 97 26 24 104 11 19 93 180 288 51 42 756 425 91 1137 422 66 22 13 17 35 92 293 15 331 8 176 155
1 159 13 51 9 1 3 8 24 15 23 93 42 11 74 62 4 19 180 29 36 32 38 34 61 91 41 30 237 66 40 2 22 339 138
2 9 12 24 83 16 23 62 20 5 3 21 28 38 15 94 179 54 4 59 65 44 1 104 214 27 69 40 32 13 102 55 264 22 81 30 35 58 797 176 3975 138 2264
3 68 40 13 37 20 147 170 121 161 141 73 125 179 447 66 19 715 28 257 54 25 105 31 3 8 42 29 75 99 112 50 253 30 3097
4 18 229 45 91 1 514 308 47 60 0 173 79 54 43 13 19 29 131 30 46 119 2132 1863 779 1843 27 1623 120 170 375 1956 133 37
5 10 25 12 32 37 35 94 40 20 15 68 97 31 65 21 44 42 7 18 22 13 95 29 0 66 11 41 2 93 19 53 96 138
6 20 34 25 40 29 10 3 41 83 23 13 44 108 17 2 42 8 16 28 30 27 18 75 21 121 54 137 68 9 43 19 86 170 145 96 37 69 120
7 25 6 54 47 11 35 3 66 36 107 49 39 55 13 56 10 2 21 46 19 60 102 15 90 59 0 1 250 109 7
8 53 51 50 1 240 105 54 16 12 32 35 4 126 7 13 83 40 63 546 286 60 45 43 2 72 30 151 37 65 18 33 97 84 178 815 199 28
9 31 3 16 9 56 48 67 59 38 44 91 47 10 19 83 99 65 7 26 8 34 58 2 105 0 53 163 39 121 11 69 164 6729
10 19 0 38 22 72 59 15 12 86 71 2 23 8 68 26 7 138 160 3 94 5 41 6 9 18 81 50 131 43 47 93 17 139 27 120
11 24 4 60 11 48 136 51 23 75 91 41 12 55 6 20 248 81 28 38 70 5 2 65 22 40 84 46 9 54 30 19 79 27 111 15 139 72 138 3975
12 2 9 23 40 10 34 213 94 105 99 22 3 24 46 20 21 66 58 18 12 0 25 56 5 83 29 62 7 55 120 5276
13 50 13 45 35 70 25 6 1271 21 101 17 11 124 15 109 567 107 46 1 27 1156 39 1042 131 1948 32 233 1959 1438 1677 126 3700
14 73 185 35 49 51 36 3 807 118 0 13 1866 143 25 121 349 89 224 1 20 303 154 153 128 456 71 290 270 30 948 1315
15 92 25 11 19 8 7 35 36 67 21 31 13 2 72 42 47 4 27 3 16 63 68 34 20 51 95 18 6 54 182 17 1 147 69 38 138
16 170 36 63 167 3 73 659 51 76 66 20 256 288 848 25 0 24 223 154 6 28 54 1754 10 948 131 184 40 56 19 102 47 9 107 128 2 1315
17 5893 19 23 66 28 42 178 318 44 247 94 418 665 85 86 55 93 12 34 36 510 76 5 83 210 65 257 15 21 150 435 159 96 9
18 56 879 94 213 22 169 202 189 18 60 192 2 245 322 701 267 99 2128 796 632 7593 3813 750 1481 2688 979 130 421 1973 5 37 355
19 1 16 3 9 55 15 298 32 8 25 250 33 67 14 47 0 236 633 78 91 92 104 3797 188 54 23 19 35 826 139 98 28 871
20 60 16 26 41 48 8 0 34 148 57 27 42 1052 43 66 6 24 12 56 33 17 75 49 118 232 13 19 68 59 210 21 907 7 120 1290
21 25 21 6 13 124 47 71 49 50 15 11 107 4 35 17 26 39 59 56 29 2 36 19 34 1 27 99 74 70 37 8 176 138
22 3 16 47 21 2 133 27 78 0 15 161 33 60 72 66 25 7 40 44 96 54 9 19 11 1 124 6 38 18 55 51 46 23 70 62 69 583
23 21 1 35 23 11 34 15 4 17 31 10 44 139 95 24 36 50 42 70 32 57 25 29 55 2 122 66 18 58 22 47 6 27 138 554
24 104 4 28 3 10 15 21 23 27 1 9 91 31 22 42 24 60 19 40 20 6 25 70 67 75 5 128 52 34 58 51
26 60 19 66 8 27 91 12 46 11 15 62 4 6 42 47 79 13 25 0 43 1 3 187 37 59 36 26 168 18 55 139 23 138 1290
27 53 10 45 16 7 15 70 12 11 21 47 4 60 35 30 17 28 69 1 50 43 6 119 151 77 72 48 40 41 31 54 92 97 82 5 126 155
28 0 148 3 64 264 22 60 2 114 34 32 88 128 272 144 12 9 4 7 53 43 51 41 58 82 83 67 55 42 35 102 105 1917 554
29 3 131 35 76 2 49 36 360 71 48 20 44 11 329 118 90 37 89 139 490 281 57 109 54 62 66 4 73 153 1 13 19
30 9 3 25 10 20 41 43 102 0 51 625 67 14 128 256 44 234 64 40 19 47 148 7 93 2 58 2385 149 36 18 435 22 63 1610 27
31 105 34 25 28 43 26 29 8 16 7 19 3 40 31 37 75 83 11 12 68 22 15 20 102 13 399 2360 54 77 14 30 67 554 900 138
32 1 24 22 32 83 12 55 15 28 11 19 49 3 16 43 34 51 60 97 91 30 26 5 38 0 41 9 13 65 180 23 53 74 8 148 197 900
33 54 34 50 9 298 51 24 73 25 86 33 8 28 124 174 18 91 10 83 47 134 95 61 29 149 11 65 30 15 2 7 14 102 120 131
34 137 73 168 57 1 121 22 15 38 18 51 45 34 44 21 11 216 17 39 154 3 118 412 77 35 4 48 391 20 53 95 41 171 9 155
35 8973 272 419 297 1959 88 123 646 42 6137 9957 35 7718 235 3236 1752 7970 259 476 2239 483
36 406 39 163 8 105 26 49 15 1080 99 36 11 280 42 66 107 25 12 0 4 13 187 35 94 71 120 119 434 1936 1027 469 27 63 309 148 1290
37 45 20 246 24 36 48 100 35 25 49 26 15 3 154 88 11 60 129 1 54 41 30 38 40 19 28 6 73 13 18 114 90 8 131 84 184 69 968
38 68 37 147 40 121 20 13 125 141 170 66 257 54 28 73 161 99 29 42 906 179 253 3 25 8 585 1054 4630 2360 447 475 41 364 120 3097
39 322 56 79 22 18 55 251 2 335 102 99 506 337 7 17 143 213 94 701 42 189 60 608 2128 796 119 169 632 750 979 355
40 42 6 38 23 18 210 16 68 13 47 53 248 21 19 27 20 63 24 265 50 1027 34 60 30 83 8 100 9 43 78 67 405 178 95 193 1583
41 20 137 38 16 27 12 53 17 48 83 51 54 60 181 24 69 116 40 26 30 214 4 13 62 43 9 97 59 50 75 121 28 23 3975
42 43 20 38 42 32 44 18 119 205 172 17 34 51 41 88 27 78 63 57 69 35 13 234 935 16 40 82 6 121 10 30 23 60 1449 53 56 22 1001 432
43 72 37 4 23 100 20 11 9 6 8 62 60 76 124 15 70 46 52 187 54 47 40 79 48 158 55 412 399 93 73 194 2 248 1434
44 16 25 48 95 27 43 301 7 3 78 18 9 256 498 41 146 92 51 19 10 14 4 8 122 34 742 30 1246 77 26 75 389 4089 347
45 4 2 15 11 42 23 1 8 60 37 31 18 309 52 156 32 91 3 20 47 48 24 27 40 26 12 0 85 83 67 135 332 69 138
46 22 42 88 47 15 119 103 46 12 102 97 5 11 64 14 43 59 0 60 104 44 61 40 128 17 4 20 31 69 19 49 323 224
47 45 27 54 13 1 29 174 17 59 6 23 18 70 15 25 139 57 35 129 47 55 46 50 10 33 43 16 0 32 126 138
48 99 67 9 3 51 21 34 134 48 168 75 164 22 25 0 30 58 300 79 68 124 70 163 118 26 53 12 7 56 8 19 27 404
49 49 19 60 5 186 229 68 59 42 12 55 29 15 121 128 4 76 61 88 0 7 1 22 14 96 272 114 212 77 40 165 21 28 138 1671
50 19 15 17 69 11 102 28 22 77 1 44 16 34 45 20 36 30 31 322 114 18 88 7 137 233 41 24 140 53 38 228 14 48 46 40 21 12 2292 121 164 176
52 16 30 38 498 5 18 418 310 244 41 47 145 397 68
53 20 1866 100 3 6 4 48 40 13 8 73 9 51 11 25 246 60 62 110 2 54 24 12 76 23 118 216 70 72 79 121 36 92 332 55 27
54 17 27 180 38 37 115 20 32 16 2 44 82 35 41 109 34 43 137 10 19 18 62 22 54 4 48 42 69 5 88 52 143 182 3 7 78 404
55 8 0 12 2 13 65 22 11 460 88 3 25 21 44 43 15 9 146 189 7 4 34 10 264 117 41 55 32 124 53 20 35 80 45 138 900 3110 554
56 3 25 20 24 9 2 10 181 154 128 28 44 23 6 40 51 19 62 0 13 58 46 66 89 36 63 34 38 170 7 54 21 184 145 121 27 948 485
57 54 45 17 131 27 38 55 46 13 118 49 59 43 11 5 91 60 25 62 4 33 35 69 16 422 77 84 30 111 136 1 56 114 139 3975 968
58 3 22 13 89 144 175 128 4 9 381 73 294 1 196 78 49 51 460 32 244 264 168 41 254 0 137 121 325 161 720 2 8
60 88 38 123 18 59 122 0 124 2 235 4 16 238 52 69 60 297 115 121 114 42 65 758 21 7 130 58 76 1909 78 14 83 29 103 19 53 138 120
61 12 45 20 38 43 54 69 48 25 60 53 24 51 422 26 50 4 16 40 213 42 41 97 2 13 55 30 84 35 62 65 5 11 83 131 3975 968
62 25 19 6 92 24 34 21 64 16 117 248 7 69 47 3 13 8 9 151 31 95 527 27 60 1 10 100 90 20 58 67 22 1591 1583
63 255 75 25 147 34 715 42 475 8 68 92 86 401 3 40 31 66 99 83 1054 125 106 399 105 37 257 56 13 41 19 121 585 120
64 60 48 8 11 158 100 91 4 6 161 327 332 46 187 20 465 42 24 3317 27 399 15 79 62 13 3 23 336 9 72 505 248 75 2 356 1434
65 47 27 173 45 59 64 18 119 97 54 17 69 60 25 183 131 46 82 35 43 22 62 11 53 57 30 129 38 34 12 323 110 192 19 65 155
66 11 39 95 10 13 59 29 15 77 82 54 186 25 292 45 131 4 55 33 17 50 126 1424 49 6 23 21 36 35 74 138
67 18 65 1 27 54 37 60 50 35 51 13 10 32 33 78 66 70 23 25 12 45 11 119 139 53 16 58 34 15 79 9 26 43 21 28 120 126 155 138
68 2 24 37 23 11 76 47 20 40 62 324 79 248 4 194 52 9 46 170 243 3 100 58 41 509 42 15 60 51 6 117 54 21 57 138 554
70 69 20 24 76 248 48 253 81 83 75 38 1 28 54 11 62 44 53 91 55 176 84 42 12 2 116 106 142 112 179 4 287 65 410 121 3975
71 68 37 105 31 41 30 89 40 54 101 75 92 19 10 546 42 17 77 36 34 147 28 8 143 2 715 13 7 3 182 268 121 72
72 20 72 4 2 216 100 79 6 8 54 24 243 84 42 48 62 55 124 798 38 91 23 9 11 65 40 158 187 37 213 60 121 51 46 13 25 110 138 356
73 3 33 9 17 11 72 12 69 70 65 1 250 40 50 16 92 32 23 47 99 100 53 124 4 21 41 10 30 293 74 609 28
74 10 37 51 2 109 47 9 66 24 54 64 38 39 34 134 19 28 234 65 59 264 625 431 163 36 170 56 20 582 82 102 148 621
75 25 13 34 29 66 62 147 54 45 97 37 129 19 170 64 173 1073 8 59 69 75 17 57 43 28 174 86 3 30 16 105 60 65 356 583
76 48 5 22 47 14 0 3 185 46 15 34 43 35 21 61 28 60 244 16 79 20 128 26 133 51 17 100 38 31 30 146 155
78 29 23 83 21 10 15 13 70 44 4 9 34 145 67 172 42 25 45 24 292 58 46 1 3 17 5 59 16 35 47 96 138
79 60 3 0 87 12 13 76 49 66 11 35 88 36 20 2 6 19 281 238 62 291 110 100 170 115 169 159 485 68 33 131 121
80 81 136 69 20 54 17 28 104 4 75 12 137 24 51 214 50 40 181 94 65 53 1 5 422 287 39 131 30 48 145 3975
81 11 22 19 8 3 31 60 9 23 1 21 16 120 47 0 67 27 4 49 15 42 209 34 12 117 14 68 59 85 26 74 95 554 155
82 36 20 55 3 247 2 58 184 38 54 56 9 25 41 120 110 12 47 52 24 37 10 61 21 63 0 67 131 5 82 42 565 13 60 84 22 8 96 28 138 253 252 155 621 968
83 12 49 19 69 1 11 55 60 38 4 59 5 13 62 179 45 97 30 47 17 39 43 84 50 54 119 162 227 66 46 28 27 118 120 3975
84 15 86 1 39 25 54 28 3 20 8 24 26 34 40 57 19 124 17 83 18 21 22 9 2 81 58 38 60 4 33 27 11 69 56 114 102 23
85 31 187 88 67 78 59 217 95 338 18 8 1756 938 38 544 121 130 139 115 123 226 56 122 158 48 73 81 0 238 3 293 174 69 355 193 6729 176
86 50 13 21 8 24 100 2 18 9 11 68 0 60 178 6 42 45 47 3 16 67 25 22 10 38 33 230 64 41 199 120 69 138
87 179 8 13 19 3 36 92 42 99 66 130 50 30 26 25 101 97 29 34 257 108 81 119 56 169 68 1073 120 138
88 47 21 42 25 19 92 6 11 38 1 3 7 50 36 4 120 27 24 95 1027 35 67 8 13 160 278 173 113 49 90 60 9 510 161 63 1583
89 11 178 127 60 21 64 10 33 50 53 6 79 12 81 27 3 34 23 161 726 16 9 13 205 66 111 218 230 87 5350 65 139 199 485
90 42 19 34 7 21 83 35 27 12 43 60 4 14 3 38 140 96 1 17 331 57 9 137 5 53 184 88 90 55 124 92 32 6 66 25 44 158 655 120 1052 155 138
91 663 2477 338 164 47 327 68 644 60 42 0 114 7 55 61 19 46 4 2 228 184 39 22 70 84 104 139 97 133 281 36 6 15 445
92 42 169 3 50 179 13 248 20 19 34 30 8 24 31 97 2 92 86 66 120 194 18 1 25 68 22 205 69 36 121 316 176 138
93 39 15 49 36 107 71 11 25 187 4 35 13 6 59 50 406 42 21 60 8 1 56 26 1152 126 131 67 122 90 152 27 1948 119 29 70 138
94 402 217 2882 861 3458 272 209 148 1150 301 114 830 1865 1506 11 309 332 645 8 15 1663 554 180 975 83 43 264 130 1000 232 960 156 55 135 7971 105 900 4364
95 59 119 66 19 152 37 200 85 18 129 131 1863 54 12 0 50 26 27 29 62 120 147 519 78 76 60 160 65 57 652 139 34 110 38 132 82 84 2132 69
96 41 17 131 67 5 37 68 10 7 33 28 8 81 38 30 16 54 14 31 3 34 156 52 71 72 46 42 19 4 48 56 2 82 143 120 138
97 6 24 100 69 20 50 13 42 21 4 124 45 11 72 18 9 8 27 7 131 10 559 277 3 241 178 49 173 216 14 38 86 52 16 60 120 78 138
98 55 40 42 39 229 77 13 10 23 1 139 11 63 82 104 76 56 28 120 52 66 4 142 641 114 44 75 110 153 22 6 45 106 341 121 355 3097 1671
99 13 12 29 67 25 119 21 168 19 62 8 18 66 36 79 43 37 68 60 113 7 71 11 22 30 38 406 15 45 26 27 97 49 503 139 65 138 69 155